app/build/intermediates/manifest_merge_blame_file/debug/manifest-merger-blame-debug-report.txt
1<?xml version="1.0" encoding="utf-8"?>
2<!-- Chapter 1, Exercise 1: Change version data to 2 and 2.0 -->
3<manifest xmlns:android="http://schemas.android.com/apk/res/android"
4    package="codepath.apps.demointroandroid"
5    android:versionCode="2"
6    android:versionName="2.0" >
7
8    <uses-sdk
9        android:minSdkVersion="21"
9-->src/main/AndroidManifest.xml
10        android:targetSdkVersion="28" />
10-->src/main/AndroidManifest.xml
11
12    <uses-permission android:name="android.permission.INTERNET" />
12-->src/main/AndroidManifest.xml:8:5-67
12-->src/main/AndroidManifest.xml:8:22-64
13    <uses-permission android:name="android.permission.READ_CONTACTS" />
13-->src/main/AndroidManifest.xml:9:5-71
13-->src/main/AndroidManifest.xml:9:22-69
14
15    <application
15-->src/main/AndroidManifest.xml:11:5-129:19
16        android:allowBackup="true"
16-->src/main/AndroidManifest.xml:12:9-35
17        android:appComponentFactory="androidx.core.app.CoreComponentFactory"
17-->[androidx.core:core:1.0.1] AndroidManifest.xml:22:18-86
18        android:debuggable="true"
19        android:icon="@drawable/ic_launcher"
19-->src/main/AndroidManifest.xml:13:9-45
20        android:label="@string/app_name"
20-->src/main/AndroidManifest.xml:14:9-41
21        android:theme="@style/AppTheme" >
21-->src/main/AndroidManifest.xml:15:9-40
22        <activity
22-->src/main/AndroidManifest.xml:16:9-24:20
23            android:name="codepath.apps.demointroandroid.DemoSelector"
23-->src/main/AndroidManifest.xml:17:13-71
24            android:label="@string/app_name" >
24-->src/main/AndroidManifest.xml:18:13-45
25            <intent-filter>
25-->src/main/AndroidManifest.xml:19:13-23:29
26                <action android:name="android.intent.action.MAIN" />
26-->src/main/AndroidManifest.xml:20:17-69
26-->src/main/AndroidManifest.xml:20:25-66
27
28                <category android:name="android.intent.category.LAUNCHER" />
28-->src/main/AndroidManifest.xml:22:17-77
28-->src/main/AndroidManifest.xml:22:27-74
29            </intent-filter>
30        </activity>
31        <activity
31-->src/main/AndroidManifest.xml:25:9-28:20
32            android:name="codepath.apps.demointroandroid.BasicTextViewActivity"
32-->src/main/AndroidManifest.xml:26:13-80
33            android:label="@string/title_activity_basic_text_view" >
33-->src/main/AndroidManifest.xml:27:13-67
34        </activity>
35        <activity
35-->src/main/AndroidManifest.xml:29:9-32:20
36            android:name="codepath.apps.demointroandroid.LinearLayoutDemoActivity"
36-->src/main/AndroidManifest.xml:30:13-83
37            android:label="@string/title_activity_linear_layout_demo" >
37-->src/main/AndroidManifest.xml:31:13-70
38        </activity>
39        <activity
39-->src/main/AndroidManifest.xml:33:9-36:20
40            android:name="codepath.apps.demointroandroid.LayoutGravityActivity"
40-->src/main/AndroidManifest.xml:34:13-80
41            android:label="@string/title_activity_layout_gravity" >
41-->src/main/AndroidManifest.xml:35:13-66
42        </activity>
43        <activity
43-->src/main/AndroidManifest.xml:37:9-40:20
44            android:name="codepath.apps.demointroandroid.BasicViewsActivity"
44-->src/main/AndroidManifest.xml:38:13-77
45            android:label="@string/title_activity_basic_views" >
45-->src/main/AndroidManifest.xml:39:13-63
46        </activity>
47        <activity
47-->src/main/AndroidManifest.xml:41:9-44:20
48            android:name="codepath.apps.demointroandroid.ViewAttributesActivity"
48-->src/main/AndroidManifest.xml:42:13-81
49            android:label="@string/title_activity_view_attributes" >
49-->src/main/AndroidManifest.xml:43:13-67
50        </activity>
51        <activity
51-->src/main/AndroidManifest.xml:45:9-48:20
52            android:name="codepath.apps.demointroandroid.SimpleListViewActivity"
52-->src/main/AndroidManifest.xml:46:13-81
53            android:label="@string/title_activity_simple_list_view" >
53-->src/main/AndroidManifest.xml:47:13-68
54        </activity>
55        <activity
55-->src/main/AndroidManifest.xml:49:9-52:20
56            android:name="codepath.apps.demointroandroid.BasicClickHandlersActivity"
56-->src/main/AndroidManifest.xml:50:13-85
57            android:label="@string/title_activity_basic_click_handlers" >
57-->src/main/AndroidManifest.xml:51:13-72
58        </activity>
59        <activity
59-->src/main/AndroidManifest.xml:53:9-56:20
60            android:name="codepath.apps.demointroandroid.ButtonToastActivity"
60-->src/main/AndroidManifest.xml:54:13-78
61            android:label="@string/title_activity_button_toast" >
61-->src/main/AndroidManifest.xml:55:13-64
62        </activity>
63        <activity
63-->src/main/AndroidManifest.xml:57:9-60:20
64            android:name="codepath.apps.demointroandroid.ListViewClicksActivity"
64-->src/main/AndroidManifest.xml:58:13-81
65            android:label="@string/title_activity_list_view_clicks" >
65-->src/main/AndroidManifest.xml:59:13-68
66        </activity>
67        <activity
67-->src/main/AndroidManifest.xml:61:9-64:20
68            android:name="codepath.apps.demointroandroid.ExplicitIntentActivity"
68-->src/main/AndroidManifest.xml:62:13-81
69            android:label="@string/title_activity_explicit_intent" >
69-->src/main/AndroidManifest.xml:63:13-67
70        </activity>
71        <activity
71-->src/main/AndroidManifest.xml:65:9-68:20
72            android:name="codepath.apps.demointroandroid.ImplicitIntentsActivity"
72-->src/main/AndroidManifest.xml:66:13-82
73            android:label="@string/title_activity_implicit_intents" >
73-->src/main/AndroidManifest.xml:67:13-68
74        </activity>
75        <activity
75-->src/main/AndroidManifest.xml:69:9-72:20
76            android:name="codepath.apps.demointroandroid.IntentWithResultActivity"
76-->src/main/AndroidManifest.xml:70:13-83
77            android:label="@string/title_activity_intent_with_result" >
77-->src/main/AndroidManifest.xml:71:13-70
78        </activity>
79        <activity
79-->src/main/AndroidManifest.xml:73:9-76:20
80            android:name="codepath.apps.demointroandroid.ActionBarMenuActivity"
80-->src/main/AndroidManifest.xml:74:13-80
81            android:label="@string/title_activity_action_bar_menu" >
81-->src/main/AndroidManifest.xml:75:13-67
82        </activity>
83        <activity
83-->src/main/AndroidManifest.xml:77:9-80:20
84            android:name="codepath.apps.demointroandroid.SimpleBundleDemoActivity"
84-->src/main/AndroidManifest.xml:78:13-83
85            android:label="@string/title_activity_simple_bundle_demo" >
85-->src/main/AndroidManifest.xml:79:13-70
86        </activity>
87        <activity
87-->src/main/AndroidManifest.xml:81:9-84:20
88            android:name="codepath.apps.demointroandroid.SimpleReturnResultActivity"
88-->src/main/AndroidManifest.xml:82:13-85
89            android:label="@string/title_activity_simple_return_result" >
89-->src/main/AndroidManifest.xml:83:13-72
90        </activity>
91        <activity
91-->src/main/AndroidManifest.xml:85:9-88:20
92            android:name="codepath.apps.demointroandroid.BasicImageDownloadActivity"
92-->src/main/AndroidManifest.xml:86:13-85
93            android:label="@string/title_activity_basic_image_download" >
93-->src/main/AndroidManifest.xml:87:13-72
94        </activity>
95        <activity
95-->src/main/AndroidManifest.xml:89:9-92:20
96            android:name="codepath.apps.demointroandroid.AsyncTaskPerformActivity"
96-->src/main/AndroidManifest.xml:90:13-83
97            android:label="@string/title_activity_async_task_perform" >
97-->src/main/AndroidManifest.xml:91:13-70
98        </activity>
99        <activity
99-->src/main/AndroidManifest.xml:93:9-96:20
100            android:name="codepath.apps.demointroandroid.SmartImageDownloadActivity"
100-->src/main/AndroidManifest.xml:94:13-85
101            android:label="@string/title_activity_smart_image_download" >
101-->src/main/AndroidManifest.xml:95:13-72
102        </activity>
103        <activity
103-->src/main/AndroidManifest.xml:97:9-100:20
104            android:name="codepath.apps.demointroandroid.ToastFormInputsActivity"
104-->src/main/AndroidManifest.xml:98:13-82
105            android:label="@string/title_activity_toast_form_inputs" >
105-->src/main/AndroidManifest.xml:99:13-69
106        </activity>
107        <activity
107-->src/main/AndroidManifest.xml:101:9-104:20
108            android:name="codepath.apps.demointroandroid.SpinnerWithToastActivity"
108-->src/main/AndroidManifest.xml:102:13-83
109            android:label="@string/title_activity_spinner_with_toast" >
109-->src/main/AndroidManifest.xml:103:13-70
110        </activity>
111        <activity
111-->src/main/AndroidManifest.xml:105:9-108:20
112            android:name="codepath.apps.demointroandroid.TimePickerDemoActivity"
112-->src/main/AndroidManifest.xml:106:13-81
113            android:label="@string/title_activity_time_picker_demo" >
113-->src/main/AndroidManifest.xml:107:13-68
114        </activity>
115        <activity
115-->src/main/AndroidManifest.xml:109:9-112:20
116            android:name="codepath.apps.demointroandroid.ProgressBarActivity"
116-->src/main/AndroidManifest.xml:110:13-78
117            android:label="@string/title_activity_progress_bar" >
117-->src/main/AndroidManifest.xml:111:13-64
118        </activity>
119        <activity
119-->src/main/AndroidManifest.xml:113:9-116:20
120            android:name="codepath.apps.demointroandroid.GridViewDemoActivity"
120-->src/main/AndroidManifest.xml:114:13-79
121            android:label="@string/title_activity_grid_view_demo" >
121-->src/main/AndroidManifest.xml:115:13-66
122        </activity>
123        <activity
123-->src/main/AndroidManifest.xml:117:9-120:20
124            android:name="codepath.apps.demointroandroid.PersistSettingsActivity"
124-->src/main/AndroidManifest.xml:118:13-82
125            android:label="@string/title_activity_persist_settings" >
125-->src/main/AndroidManifest.xml:119:13-68
126        </activity>
127        <activity
127-->src/main/AndroidManifest.xml:121:9-124:20
128            android:name="codepath.apps.demointroandroid.ContactListActivity"
128-->src/main/AndroidManifest.xml:122:13-78
129            android:label="@string/title_activity_contact_list" >
129-->src/main/AndroidManifest.xml:123:13-64
130        </activity>
131        <activity
131-->src/main/AndroidManifest.xml:125:9-128:20
132            android:name="codepath.apps.demointroandroid.PublishingInstructionsActivity"
132-->src/main/AndroidManifest.xml:126:13-89
133            android:label="@string/title_activity_publishing_instructions" >
133-->src/main/AndroidManifest.xml:127:13-75
134        </activity>
135    </application>
136
137</manifest>